<?xml version="1.0" encoding="UTF-8"?>
<beans default-autowire="byName"
    xmlns="http://www.springframework.org/schema/beans"
    xmlns:context="http://www.springframework.org/schema/context"
    xmlns:jdbc="http://www.springframework.org/schema/jdbc"
    xmlns:security="http://www.springframework.org/schema/security"
    xmlns:jpa="http://www.springframework.org/schema/data/jpa"
    
    xmlns:xsi="http://www.w3.org/2001/XMLSchema-instance"
    
    xsi:schemaLocation="http://www.springframework.org/schema/beans http://www.springframework.org/schema/beans/spring-beans-4.0.xsd
    http://www.springframework.org/schema/context http://www.springframework.org/schema/context/spring-context-4.0.xsd
    http://www.springframework.org/schema/jdbc http://www.springframework.org/schema/jdbc/spring-jdbc-4.0.xsd
    http://www.springframework.org/schema/security http://www.springframework.org/schema/security/spring-security.xsd
    http://www.springframework.org/schema/data/jpa http://www.springframework.org/schema/data/jpa/spring-jpa.xsd">

    <import resource="classpath:META-INF/br.com.cds.connecta.framework.test.xml" />
    
<!--    <bean id="solr" class="br.com.cds.connecta.framework.connector.solr.Solr" />-->

    
    <!--PERSISTENCE-->
    <bean id="dataSource" class="org.springframework.jdbc.datasource.DriverManagerDataSource">
        <property name="driverClassName" value="org.h2.Driver" />
        <property name="url" value="jdbc:h2:mem:connecta;INIT=create schema if not exists PRESENTER2;MODE=Oracle;DB_CLOSE_DELAY=-1;DB_CLOSE_ON_EXIT=FALSE"/>
        <property name="username" value="PRESENTER2"/>
        <property name="password" value="PRESENTER2"/>
    </bean>

    <bean name="entityManagerFactory" class="org.springframework.orm.jpa.LocalContainerEntityManagerFactoryBean">
        <property name="packagesToScan" value="br.com.cds" />
        <property name="dataSource" ref="dataSource" />
        <property name="jpaVendorAdapter">
            <bean class="org.springframework.orm.jpa.vendor.HibernateJpaVendorAdapter">
                <property name="showSql" value="true" />
                <property name="databasePlatform" value="org.hibernate.dialect.H2Dialect" />
            </bean>
        </property>
        <property name="jpaPropertyMap">
            <map>
                <entry key="hibernate.dialect" value="org.hibernate.dialect.H2Dialect" />
                <entry key="hibernate.format_sql" value="true" />
                <entry key="hibernate.default_schema" value="PRESENTER2"/>
                <entry key="hibernate.hbm2ddl.auto" value="create-drop" />
            </map>
        </property>
    </bean>
</beans>